app/build/outputs/logs/manifest-merger-debug-report.txt
-- Merging decision tree log ---
manifest
ADDED from src/main/AndroidManifest.xml:2:1-21:12
INJECTED from src/main/AndroidManifest.xml:2:1-21:12
INJECTED from src/main/AndroidManifest.xml:2:1-21:12
INJECTED from src/main/AndroidManifest.xml:2:1-21:12
MERGED from [com.android.support:appcompat-v7:28.0.0] AndroidManifest.xml:17:1-22:12
MERGED from [com.android.support.constraint:constraint-layout:1.1.3] AndroidManifest.xml:2:1-11:12
MERGED from [com.google.firebase:firebase-database:16.1.0] AndroidManifest.xml:15:1-36:12
MERGED from [com.android.support:animated-vector-drawable:28.0.0] AndroidManifest.xml:17:1-22:12
MERGED from [com.android.support:support-vector-drawable:28.0.0] AndroidManifest.xml:17:1-22:12
MERGED from [com.google.android.gms:play-services-base:16.0.1] AndroidManifest.xml:17:1-29:12
MERGED from [com.google.firebase:firebase-common:16.1.0] AndroidManifest.xml:2:1-19:12
MERGED from [com.google.android.gms:play-services-tasks:16.0.1] AndroidManifest.xml:2:1-9:12
MERGED from [com.google.android.gms:play-services-basement:16.0.1] AndroidManifest.xml:17:1-28:12
MERGED from [com.android.support:support-v4:26.1.0] AndroidManifest.xml:17:1-31:12
MERGED from [com.android.support:support-media-compat:26.1.0] AndroidManifest.xml:17:1-31:12
MERGED from [com.android.support:support-fragment:28.0.0] AndroidManifest.xml:17:1-22:12
MERGED from [com.android.support:support-core-ui:28.0.0] AndroidManifest.xml:17:1-22:12
MERGED from [com.android.support:support-core-utils:28.0.0] AndroidManifest.xml:17:1-22:12
MERGED from [com.android.support:loader:28.0.0] AndroidManifest.xml:17:1-22:12
MERGED from [com.android.support:viewpager:28.0.0] AndroidManifest.xml:17:1-22:12
MERGED from [com.android.support:coordinatorlayout:28.0.0] AndroidManifest.xml:17:1-22:12
MERGED from [com.android.support:drawerlayout:28.0.0] AndroidManifest.xml:17:1-22:12
MERGED from [com.android.support:slidingpanelayout:28.0.0] AndroidManifest.xml:17:1-22:12
MERGED from [com.android.support:customview:28.0.0] AndroidManifest.xml:17:1-22:12
MERGED from [com.android.support:swiperefreshlayout:28.0.0] AndroidManifest.xml:17:1-22:12
MERGED from [com.android.support:asynclayoutinflater:28.0.0] AndroidManifest.xml:17:1-22:12
MERGED from [com.android.support:support-compat:28.0.0] AndroidManifest.xml:17:1-24:12
MERGED from [com.android.support:versionedparcelable:28.0.0] AndroidManifest.xml:17:1-25:12
MERGED from [com.android.support:cursoradapter:28.0.0] AndroidManifest.xml:17:1-22:12
MERGED from [android.arch.lifecycle:runtime:1.1.1] AndroidManifest.xml:17:1-22:12
MERGED from [android.arch.lifecycle:livedata:1.1.1] AndroidManifest.xml:17:1-22:12
MERGED from [android.arch.lifecycle:livedata-core:1.1.1] AndroidManifest.xml:17:1-22:12
MERGED from [android.arch.core:runtime:1.1.1] AndroidManifest.xml:17:1-22:12
MERGED from [com.android.support:documentfile:28.0.0] AndroidManifest.xml:17:1-22:12
MERGED from [com.android.support:localbroadcastmanager:28.0.0] AndroidManifest.xml:17:1-22:12
MERGED from [com.android.support:print:28.0.0] AndroidManifest.xml:17:1-22:12
MERGED from [android.arch.lifecycle:viewmodel:1.1.1] AndroidManifest.xml:17:1-22:12
MERGED from [com.android.support:interpolator:28.0.0] AndroidManifest.xml:17:1-22:12
MERGED from [com.google.firebase:firebase-database-collection:16.0.1] AndroidManifest.xml:2:1-7:12
INJECTED from src/main/AndroidManifest.xml:2:1-21:12
INJECTED from src/main/AndroidManifest.xml:2:1-21:12
INJECTED from src/main/AndroidManifest.xml:2:1-21:12
	package
		ADDED from src/main/AndroidManifest.xml:3:5-57
		INJECTED from src/main/AndroidManifest.xml
		INJECTED from src/main/AndroidManifest.xml
	android:versionName
		INJECTED from src/main/AndroidManifest.xml
		ADDED from src/main/AndroidManifest.xml:2:1-21:12
		INJECTED from src/main/AndroidManifest.xml
	android:versionCode
		INJECTED from src/main/AndroidManifest.xml
		ADDED from src/main/AndroidManifest.xml:2:1-21:12
		INJECTED from src/main/AndroidManifest.xml
	xmlns:android
		ADDED from src/main/AndroidManifest.xml:2:11-69
application
ADDED from src/main/AndroidManifest.xml:5:5-19:19
MERGED from [com.android.support.constraint:constraint-layout:1.1.3] AndroidManifest.xml:9:5-20
MERGED from [com.android.support.constraint:constraint-layout:1.1.3] AndroidManifest.xml:9:5-20
MERGED from [com.google.firebase:firebase-database:16.1.0] AndroidManifest.xml:28:5-34:19
MERGED from [com.google.firebase:firebase-database:16.1.0] AndroidManifest.xml:28:5-34:19
MERGED from [com.google.android.gms:play-services-base:16.0.1] AndroidManifest.xml:22:5-27:19
MERGED from [com.google.android.gms:play-services-base:16.0.1] AndroidManifest.xml:22:5-27:19
MERGED from [com.google.firebase:firebase-common:16.1.0] AndroidManifest.xml:11:5-17:19
MERGED from [com.google.firebase:firebase-common:16.1.0] AndroidManifest.xml:11:5-17:19
MERGED from [com.google.android.gms:play-services-tasks:16.0.1] AndroidManifest.xml:7:5-20
MERGED from [com.google.android.gms:play-services-tasks:16.0.1] AndroidManifest.xml:7:5-20
MERGED from [com.google.android.gms:play-services-basement:16.0.1] AndroidManifest.xml:22:5-26:19
MERGED from [com.google.android.gms:play-services-basement:16.0.1] AndroidManifest.xml:22:5-26:19
MERGED from [com.android.support:support-v4:26.1.0] AndroidManifest.xml:25:5-29:19
MERGED from [com.android.support:support-v4:26.1.0] AndroidManifest.xml:25:5-29:19
MERGED from [com.android.support:support-media-compat:26.1.0] AndroidManifest.xml:25:5-29:19
MERGED from [com.android.support:support-media-compat:26.1.0] AndroidManifest.xml:25:5-29:19
MERGED from [com.android.support:support-compat:28.0.0] AndroidManifest.xml:22:5-94
MERGED from [com.android.support:support-compat:28.0.0] AndroidManifest.xml:22:5-94
MERGED from [com.android.support:versionedparcelable:28.0.0] AndroidManifest.xml:22:5-23:19
MERGED from [com.android.support:versionedparcelable:28.0.0] AndroidManifest.xml:22:5-23:19
	android:appComponentFactory
		ADDED from [com.android.support:support-compat:28.0.0] AndroidManifest.xml:22:18-91
	android:supportsRtl
		ADDED from src/main/AndroidManifest.xml:10:9-35
	android:label
		ADDED from src/main/AndroidManifest.xml:8:9-41
	android:roundIcon
		ADDED from src/main/AndroidManifest.xml:9:9-54
	android:icon
		ADDED from src/main/AndroidManifest.xml:7:9-43
	android:allowBackup
		ADDED from src/main/AndroidManifest.xml:6:9-35
	android:theme
		ADDED from src/main/AndroidManifest.xml:11:9-40
activity#com.blogspot.yourfavoritekaisar.belajarvcm.MainActivity
ADDED from src/main/AndroidManifest.xml:12:9-18:20
	android:name
		ADDED from src/main/AndroidManifest.xml:12:19-47
intent-filter#action:name:android.intent.action.MAIN+category:name:android.intent.category.LAUNCHER
ADDED from src/main/AndroidManifest.xml:13:13-17:29
action#android.intent.action.MAIN
ADDED from src/main/AndroidManifest.xml:14:17-69
	android:name
		ADDED from src/main/AndroidManifest.xml:14:25-66
category#android.intent.category.LAUNCHER
ADDED from src/main/AndroidManifest.xml:16:17-77
	android:name
		ADDED from src/main/AndroidManifest.xml:16:27-74
uses-sdk
INJECTED from src/main/AndroidManifest.xml reason: use-sdk injection requested
INJECTED from src/main/AndroidManifest.xml
INJECTED from src/main/AndroidManifest.xml
MERGED from [com.android.support:appcompat-v7:28.0.0] AndroidManifest.xml:20:5-44
MERGED from [com.android.support:appcompat-v7:28.0.0] AndroidManifest.xml:20:5-44
MERGED from [com.android.support.constraint:constraint-layout:1.1.3] AndroidManifest.xml:5:5-7:41
MERGED from [com.android.support.constraint:constraint-layout:1.1.3] AndroidManifest.xml:5:5-7:41
MERGED from [com.google.firebase:firebase-database:16.1.0] AndroidManifest.xml:19:5-21:41
MERGED from [com.google.firebase:firebase-database:16.1.0] AndroidManifest.xml:19:5-21:41
MERGED from [com.android.support:animated-vector-drawable:28.0.0] AndroidManifest.xml:20:5-44
MERGED from [com.android.support:animated-vector-drawable:28.0.0] AndroidManifest.xml:20:5-44
MERGED from [com.android.support:support-vector-drawable:28.0.0] AndroidManifest.xml:20:5-44
MERGED from [com.android.support:support-vector-drawable:28.0.0] AndroidManifest.xml:20:5-44
MERGED from [com.google.android.gms:play-services-base:16.0.1] AndroidManifest.xml:20:5-44
MERGED from [com.google.android.gms:play-services-base:16.0.1] AndroidManifest.xml:20:5-44
MERGED from [com.google.firebase:firebase-common:16.1.0] AndroidManifest.xml:6:5-8:41
MERGED from [com.google.firebase:firebase-common:16.1.0] AndroidManifest.xml:6:5-8:41
MERGED from [com.google.android.gms:play-services-tasks:16.0.1] AndroidManifest.xml:5:5-44
MERGED from [com.google.android.gms:play-services-tasks:16.0.1] AndroidManifest.xml:5:5-44
MERGED from [com.google.android.gms:play-services-basement:16.0.1] AndroidManifest.xml:20:5-44
MERGED from [com.google.android.gms:play-services-basement:16.0.1] AndroidManifest.xml:20:5-44
MERGED from [com.android.support:support-v4:26.1.0] AndroidManifest.xml:21:5-23:54
MERGED from [com.android.support:support-v4:26.1.0] AndroidManifest.xml:21:5-23:54
MERGED from [com.android.support:support-media-compat:26.1.0] AndroidManifest.xml:21:5-23:63
MERGED from [com.android.support:support-media-compat:26.1.0] AndroidManifest.xml:21:5-23:63
MERGED from [com.android.support:support-fragment:28.0.0] AndroidManifest.xml:20:5-44
MERGED from [com.android.support:support-fragment:28.0.0] AndroidManifest.xml:20:5-44
MERGED from [com.android.support:support-core-ui:28.0.0] AndroidManifest.xml:20:5-44
MERGED from [com.android.support:support-core-ui:28.0.0] AndroidManifest.xml:20:5-44
MERGED from [com.android.support:support-core-utils:28.0.0] AndroidManifest.xml:20:5-44
MERGED from [com.android.support:support-core-utils:28.0.0] AndroidManifest.xml:20:5-44
MERGED from [com.android.support:loader:28.0.0] AndroidManifest.xml:20:5-44
MERGED from [com.android.support:loader:28.0.0] AndroidManifest.xml:20:5-44
MERGED from [com.android.support:viewpager:28.0.0] AndroidManifest.xml:20:5-44
MERGED from [com.android.support:viewpager:28.0.0] AndroidManifest.xml:20:5-44
MERGED from [com.android.support:coordinatorlayout:28.0.0] AndroidManifest.xml:20:5-44
MERGED from [com.android.support:coordinatorlayout:28.0.0] AndroidManifest.xml:20:5-44
MERGED from [com.android.support:drawerlayout:28.0.0] AndroidManifest.xml:20:5-44
MERGED from [com.android.support:drawerlayout:28.0.0] AndroidManifest.xml:20:5-44
MERGED from [com.android.support:slidingpanelayout:28.0.0] AndroidManifest.xml:20:5-44
MERGED from [com.android.support:slidingpanelayout:28.0.0] AndroidManifest.xml:20:5-44
MERGED from [com.android.support:customview:28.0.0] AndroidManifest.xml:20:5-44
MERGED from [com.android.support:customview:28.0.0] AndroidManifest.xml:20:5-44
MERGED from [com.android.support:swiperefreshlayout:28.0.0] AndroidManifest.xml:20:5-44
MERGED from [com.android.support:swiperefreshlayout:28.0.0] AndroidManifest.xml:20:5-44
MERGED from [com.android.support:asynclayoutinflater:28.0.0] AndroidManifest.xml:20:5-44
MERGED from [com.android.support:asynclayoutinflater:28.0.0] AndroidManifest.xml:20:5-44
MERGED from [com.android.support:support-compat:28.0.0] AndroidManifest.xml:20:5-44
MERGED from [com.android.support:support-compat:28.0.0] AndroidManifest.xml:20:5-44
MERGED from [com.android.support:versionedparcelable:28.0.0] AndroidManifest.xml:20:5-44
MERGED from [com.android.support:versionedparcelable:28.0.0] AndroidManifest.xml:20:5-44
MERGED from [com.android.support:cursoradapter:28.0.0] AndroidManifest.xml:20:5-44
MERGED from [com.android.support:cursoradapter:28.0.0] AndroidManifest.xml:20:5-44
MERGED from [android.arch.lifecycle:runtime:1.1.1] AndroidManifest.xml:20:5-44
MERGED from [android.arch.lifecycle:runtime:1.1.1] AndroidManifest.xml:20:5-44
MERGED from [android.arch.lifecycle:livedata:1.1.1] AndroidManifest.xml:20:5-44
MERGED from [android.arch.lifecycle:livedata:1.1.1] AndroidManifest.xml:20:5-44
MERGED from [android.arch.lifecycle:livedata-core:1.1.1] AndroidManifest.xml:20:5-44
MERGED from [android.arch.lifecycle:livedata-core:1.1.1] AndroidManifest.xml:20:5-44
MERGED from [android.arch.core:runtime:1.1.1] AndroidManifest.xml:20:5-44
MERGED from [android.arch.core:runtime:1.1.1] AndroidManifest.xml:20:5-44
MERGED from [com.android.support:documentfile:28.0.0] AndroidManifest.xml:20:5-44
MERGED from [com.android.support:documentfile:28.0.0] AndroidManifest.xml:20:5-44
MERGED from [com.android.support:localbroadcastmanager:28.0.0] AndroidManifest.xml:20:5-44
MERGED from [com.android.support:localbroadcastmanager:28.0.0] AndroidManifest.xml:20:5-44
MERGED from [com.android.support:print:28.0.0] AndroidManifest.xml:20:5-44
MERGED from [com.android.support:print:28.0.0] AndroidManifest.xml:20:5-44
MERGED from [android.arch.lifecycle:viewmodel:1.1.1] AndroidManifest.xml:20:5-44
MERGED from [android.arch.lifecycle:viewmodel:1.1.1] AndroidManifest.xml:20:5-44
MERGED from [com.android.support:interpolator:28.0.0] AndroidManifest.xml:20:5-44
MERGED from [com.android.support:interpolator:28.0.0] AndroidManifest.xml:20:5-44
MERGED from [com.google.firebase:firebase-database-collection:16.0.1] AndroidManifest.xml:5:5-44
MERGED from [com.google.firebase:firebase-database-collection:16.0.1] AndroidManifest.xml:5:5-44
INJECTED from src/main/AndroidManifest.xml
INJECTED from src/main/AndroidManifest.xml
	tools:overrideLibrary
		ADDED from [com.android.support:support-v4:26.1.0] AndroidManifest.xml:23:9-51
	android:targetSdkVersion
		INJECTED from src/main/AndroidManifest.xml
		ADDED from src/main/AndroidManifest.xml
		INJECTED from src/main/AndroidManifest.xml
	android:minSdkVersion
		INJECTED from src/main/AndroidManifest.xml
		ADDED from src/main/AndroidManifest.xml
		INJECTED from src/main/AndroidManifest.xml
uses-permission#android.permission.ACCESS_NETWORK_STATE
ADDED from [com.google.firebase:firebase-database:16.1.0] AndroidManifest.xml:25:5-79
	android:name
		ADDED from [com.google.firebase:firebase-database:16.1.0] AndroidManifest.xml:25:22-76
uses-permission#android.permission.INTERNET
ADDED from [com.google.firebase:firebase-database:16.1.0] AndroidManifest.xml:26:5-67
	android:name
		ADDED from [com.google.firebase:firebase-database:16.1.0] AndroidManifest.xml:26:22-64
service#com.google.firebase.components.ComponentDiscoveryService
ADDED from [com.google.firebase:firebase-database:16.1.0] AndroidManifest.xml:29:9-33:19
	android:name
		ADDED from [com.google.firebase:firebase-database:16.1.0] AndroidManifest.xml:29:18-89
meta-data#com.google.firebase.components:com.google.firebase.database.DatabaseRegistrar
ADDED from [com.google.firebase:firebase-database:16.1.0] AndroidManifest.xml:30:13-32:85
	android:value
		ADDED from [com.google.firebase:firebase-database:16.1.0] AndroidManifest.xml:32:17-82
	android:name
		ADDED from [com.google.firebase:firebase-database:16.1.0] AndroidManifest.xml:31:17-109
activity#com.google.android.gms.common.api.GoogleApiActivity
ADDED from [com.google.android.gms:play-services-base:16.0.1] AndroidManifest.xml:23:9-26:75
	android:exported
		ADDED from [com.google.android.gms:play-services-base:16.0.1] AndroidManifest.xml:25:13-37
	android:theme
		ADDED from [com.google.android.gms:play-services-base:16.0.1] AndroidManifest.xml:26:13-72
	android:name
		ADDED from [com.google.android.gms:play-services-base:16.0.1] AndroidManifest.xml:24:13-79
provider#com.google.firebase.provider.FirebaseInitProvider
ADDED from [com.google.firebase:firebase-common:16.1.0] AndroidManifest.xml:12:9-16:39
	android:authorities
		ADDED from [com.google.firebase:firebase-common:16.1.0] AndroidManifest.xml:14:13-72
	android:exported
		ADDED from [com.google.firebase:firebase-common:16.1.0] AndroidManifest.xml:15:13-37
	android:initOrder
		ADDED from [com.google.firebase:firebase-common:16.1.0] AndroidManifest.xml:16:13-36
	android:name
		ADDED from [com.google.firebase:firebase-common:16.1.0] AndroidManifest.xml:13:13-77
meta-data#com.google.android.gms.version
ADDED from [com.google.android.gms:play-services-basement:16.0.1] AndroidManifest.xml:23:9-25:69
	android:value
		ADDED from [com.google.android.gms:play-services-basement:16.0.1] AndroidManifest.xml:25:13-66
	android:name
		ADDED from [com.google.android.gms:play-services-basement:16.0.1] AndroidManifest.xml:24:13-58
meta-data#android.support.VERSION
ADDED from [com.android.support:support-v4:26.1.0] AndroidManifest.xml:26:9-28:38
MERGED from [com.android.support:support-media-compat:26.1.0] AndroidManifest.xml:26:9-28:38
MERGED from [com.android.support:support-media-compat:26.1.0] AndroidManifest.xml:26:9-28:38
	android:value
		ADDED from [com.android.support:support-v4:26.1.0] AndroidManifest.xml:28:13-35
	android:name
		ADDED from [com.android.support:support-v4:26.1.0] AndroidManifest.xml:27:13-51